# JRE version: OpenJDK Runtime Environment Corretto-26.0.0.35.2 (26.0+35) (build 26+35-FR)
# Java VM: OpenJDK 64-Bit Server VM Corretto-26.0.0.35.2 (26+35-FR, mixed mode, sharing, tiered, compressed oops, compressed class ptrs, g1 gc, windows-amd64)
GC Precious Log:
 CardTable entry size: 512
 Card Set container configuration: InlinePtr #cards 4 size 8 Array Of Cards #cards 16 size 48 Howl #buckets 8 coarsen threshold 3686 Howl Bitmap #cards 512 size 80 coarsen threshold 460 Card regions per heap region 1 cards per card region 4096
 CPUs: 12 total, 12 available
 Memory: 15182M
 Large Page Support: Disabled
 NUMA Support: Disabled
 Compressed Oops: Enabled (Zero based)
 Heap Region Size: 2M
 Heap Min Capacity: 8M
 Heap Initial Capacity: 8M
 Heap Max Capacity: 3796M
 Pre-touch: Disabled
 Parallel Workers: 10
 Concurrent Workers: 3
 Concurrent Refinement Workers: 10
 Periodic GC: Disabled
Heap:
 garbage-first heap   total reserved 3887104K, committed 18432K, used 9582K [0x0000000712c00000, 0x0000000800000000)
  region size 2M, 2 eden (4M), 1 survivor (2M), 2 old (4M), 2 humongous (4M), 2 free (4M)
GC Heap Usage History (16 events):
Event: 0.316 {heap Before GC invocations=0 (full 0):
 garbage-first heap   total reserved 3887104K, committed 10240K, used 3231K [0x0000000712c00000, 0x0000000800000000)
  region size 2M, 1 eden (2M), 0 survivor (0M), 1 old (2M), 0 humongous (0M), 3 free (6M)
}
Event: 0.319 {heap After GC invocations=1 (full 0):
 garbage-first heap   total reserved 3887104K, committed 10240K, used 1823K [0x0000000712c00000, 0x0000000800000000)
  region size 2M, 0 eden (0M), 1 survivor (2M), 1 old (2M), 0 humongous (0M), 3 free (6M)
}
Event: 0.480 {heap Before GC invocations=1 (full 0):
 garbage-first heap   total reserved 3887104K, committed 10240K, used 3871K [0x0000000712c00000, 0x0000000800000000)
  region size 2M, 1 eden (2M), 1 survivor (2M), 1 old (2M), 0 humongous (0M), 2 free (4M)
}
Event: 0.484 {heap After GC invocations=2 (full 0):
 garbage-first heap   total reserved 3887104K, committed 10240K, used 1959K [0x0000000712c00000, 0x0000000800000000)
  region size 2M, 0 eden (0M), 1 survivor (2M), 1 old (2M), 0 humongous (0M), 3 free (6M)
}
Event: 0.599 {heap Before GC invocations=2 (full 0):
 garbage-first heap   total reserved 3887104K, committed 10240K, used 1959K [0x0000000712c00000, 0x0000000800000000)
  region size 2M, 1 eden (2M), 1 survivor (2M), 1 old (2M), 0 humongous (0M), 2 free (4M)
}
Event: 0.601 {heap After GC invocations=3 (full 0):
 garbage-first heap   total reserved 3887104K, committed 10240K, used 2032K [0x0000000712c00000, 0x0000000800000000)
  region size 2M, 0 eden (0M), 1 survivor (2M), 1 old (2M), 0 humongous (0M), 3 free (6M)
}
Event: 0.707 {heap Before GC invocations=3 (full 0):
 garbage-first heap   total reserved 3887104K, committed 10240K, used 2032K [0x0000000712c00000, 0x0000000800000000)
  region size 2M, 1 eden (2M), 1 survivor (2M), 1 old (2M), 0 humongous (0M), 2 free (4M)
}
Event: 0.710 {heap After GC invocations=4 (full 0):
 garbage-first heap   total reserved 3887104K, committed 16384K, used 2463K [0x0000000712c00000, 0x0000000800000000)
  region size 2M, 0 eden (0M), 1 survivor (2M), 1 old (2M), 0 humongous (0M), 6 free (12M)
}
Event: 0.991 {heap Before GC invocations=4 (full 0):
 garbage-first heap   total reserved 3887104K, committed 16384K, used 6559K [0x0000000712c00000, 0x0000000800000000)
  region size 2M, 3 eden (6M), 1 survivor (2M), 1 old (2M), 0 humongous (0M), 3 free (6M)
}
Event: 0.994 {heap After GC invocations=5 (full 0):
 garbage-first heap   total reserved 3887104K, committed 16384K, used 2753K [0x0000000712c00000, 0x0000000800000000)
  region size 2M, 0 eden (0M), 1 survivor (2M), 2 old (4M), 0 humongous (0M), 5 free (10M)
}
Event: 1.191 {heap Before GC invocations=5 (full 0):
 garbage-first heap   total reserved 3887104K, committed 16384K, used 8897K [0x0000000712c00000, 0x0000000800000000)
  region size 2M, 3 eden (6M), 1 survivor (2M), 2 old (4M), 0 humongous (0M), 2 free (4M)
}
Event: 1.194 {heap After GC invocations=6 (full 0):
 garbage-first heap   total reserved 3887104K, committed 16384K, used 2906K [0x0000000712c00000, 0x0000000800000000)
  region size 2M, 0 eden (0M), 1 survivor (2M), 2 old (4M), 0 humongous (0M), 5 free (10M)
}
Event: 1.396 {heap Before GC invocations=6 (full 0):
 garbage-first heap   total reserved 3887104K, committed 16384K, used 9050K [0x0000000712c00000, 0x0000000800000000)
  region size 2M, 3 eden (6M), 1 survivor (2M), 2 old (4M), 0 humongous (0M), 2 free (4M)
}
Event: 1.400 {heap After GC invocations=7 (full 0):
 garbage-first heap   total reserved 3887104K, committed 16384K, used 3118K [0x0000000712c00000, 0x0000000800000000)
  region size 2M, 0 eden (0M), 1 survivor (2M), 2 old (4M), 0 humongous (0M), 5 free (10M)
}
Event: 1.591 {heap Before GC invocations=7 (full 0):
 garbage-first heap   total reserved 3887104K, committed 16384K, used 13358K [0x0000000712c00000, 0x0000000800000000)
  region size 2M, 3 eden (6M), 1 survivor (2M), 2 old (4M), 2 humongous (4M), 0 free (0M)
}
Event: 1.595 {heap After GC invocations=8 (full 0):
 garbage-first heap   total reserved 3887104K, committed 18432K, used 7534K [0x0000000712c00000, 0x0000000800000000)
  region size 2M, 0 eden (0M), 1 survivor (2M), 2 old (4M), 2 humongous (4M), 4 free (8M)
}

